-------------------------------------------------------------------------------
Test set: com.example.tests.FramesTest
-------------------------------------------------------------------------------
Tests run: 1, Failures: 0, Errors: 1, Skipped: 0, Time elapsed: 1.394 s <<< FAILURE! -- in com.example.tests.FramesTest
com.example.tests.FramesTest.testNestedFrame -- Time elapsed: 1.384 s <<< ERROR!
org.openqa.selenium.NoSuchFrameException: 
No frame element found by name or id frame1
Build info: version: '4.27.0', revision: 'd6e718d134'
System info: os.name: 'Windows 10', os.arch: 'amd64', os.version: '10.0', java.version: '26.0.1'
Driver info: driver.version: unknown
	at org.openqa.selenium.remote.RemoteWebDriver$RemoteTargetLocator.frame(RemoteWebDriver.java:1124)
	at com.example.pages.FramesPage.getButtonTextInsideFrame(FramesPage.java:21)
	at com.example.tests.FramesTest.testNestedFrame(FramesTest.java:16)
	at java.base/java.lang.reflect.Method.invoke(Method.java:565)
	at java.base/java.util.ArrayList.forEach(ArrayList.java:1612)
	at java.base/java.util.ArrayList.forEach(ArrayList.java:1612)

